<?xml version="1.0" encoding="UTF-8"?>
<testng-results ignored="0" total="1" passed="1" failed="0" skipped="0">
  <reporter-output>
  </reporter-output>
  <suite started-at="2023-07-29T13:10:02 IST" name="All Test Suite" finished-at="2023-07-29T13:10:06 IST" duration-ms="4179">
    <groups>
    </groups>
    <test started-at="2023-07-29T13:10:02 IST" name="D:/RestfulBookerApiEndToEndTestFramework/pom.xml" finished-at="2023-07-29T13:10:06 IST" duration-ms="4179">
      <class name="TicketBooking.BookingTests">
        <test-method signature="createBookingTest()[pri:0, instance:TicketBooking.BookingTests@5d0a1059]" started-at="2023-07-29T13:10:02 IST" name="createBookingTest" finished-at="2023-07-29T13:10:06 IST" duration-ms="3783" status="PASS">
          <reporter-output>
          </reporter-output>
        </test-method> <!-- createBookingTest -->
      </class> <!-- TicketBooking.BookingTests -->
    </test> <!-- D:/RestfulBookerApiEndToEndTestFramework/pom.xml -->
  </suite> <!-- All Test Suite -->
</testng-results>
